mode: set
github.com/akramarenkov/safe/base.go:10.70,21.9 2 1
github.com/akramarenkov/safe/base.go:22.31,23.18 1 1
github.com/akramarenkov/safe/base.go:23.18,25.4 1 1
github.com/akramarenkov/safe/base.go:26.31,27.18 1 1
github.com/akramarenkov/safe/base.go:27.18,29.4 1 1
github.com/akramarenkov/safe/base.go:32.2,32.17 1 1
github.com/akramarenkov/safe/base.go:40.72,45.17 2 1
github.com/akramarenkov/safe/base.go:45.17,47.3 1 1
github.com/akramarenkov/safe/base.go:49.2,49.17 1 1
github.com/akramarenkov/safe/base.go:56.76,61.9 2 1
github.com/akramarenkov/safe/base.go:62.22,63.21 1 1
github.com/akramarenkov/safe/base.go:63.21,65.4 1 1
github.com/akramarenkov/safe/base.go:66.22,67.21 1 1
github.com/akramarenkov/safe/base.go:67.21,69.4 1 1
github.com/akramarenkov/safe/base.go:72.2,72.18 1 1
github.com/akramarenkov/safe/base.go:81.78,86.20 2 1
github.com/akramarenkov/safe/base.go:86.20,88.3 1 1
github.com/akramarenkov/safe/base.go:90.2,90.18 1 1
github.com/akramarenkov/safe/base.go:96.70,97.17 1 1
github.com/akramarenkov/safe/base.go:97.17,99.3 1 1
github.com/akramarenkov/safe/base.go:110.2,110.32 1 1
github.com/akramarenkov/safe/base.go:110.32,112.3 1 1
github.com/akramarenkov/safe/base.go:114.2,118.29 2 1
github.com/akramarenkov/safe/base.go:118.29,120.3 1 1
github.com/akramarenkov/safe/base.go:122.2,122.21 1 1
github.com/akramarenkov/safe/base.go:131.74,132.18 1 1
github.com/akramarenkov/safe/base.go:132.18,134.3 1 1
github.com/akramarenkov/safe/base.go:136.2,145.36 2 1
github.com/akramarenkov/safe/base.go:145.36,147.3 1 1
github.com/akramarenkov/safe/base.go:149.2,149.22 1 1
github.com/akramarenkov/safe/base.go:155.66,156.19 1 1
github.com/akramarenkov/safe/base.go:156.19,158.3 1 1
github.com/akramarenkov/safe/base.go:160.2,162.16 2 1
github.com/akramarenkov/safe/base.go:162.16,163.18 1 1
github.com/akramarenkov/safe/base.go:163.18,165.4 1 1
github.com/akramarenkov/safe/base.go:168.2,168.21 1 1
github.com/akramarenkov/safe/base.go:177.66,178.19 1 1
github.com/akramarenkov/safe/base.go:178.19,180.3 1 1
github.com/akramarenkov/safe/base.go:182.2,182.21 1 1
github.com/akramarenkov/safe/base.go:189.82,192.9 2 1
github.com/akramarenkov/safe/base.go:193.21,194.17 1 1
github.com/akramarenkov/safe/base.go:194.17,196.4 1 1
github.com/akramarenkov/safe/base.go:197.21,198.17 1 1
github.com/akramarenkov/safe/base.go:198.17,200.4 1 1
github.com/akramarenkov/safe/base.go:205.2,207.24 2 1
github.com/akramarenkov/safe/base.go:207.24,209.3 1 1
github.com/akramarenkov/safe/base.go:211.2,211.23 1 1
github.com/akramarenkov/safe/base.go:220.86,223.19 2 1
github.com/akramarenkov/safe/base.go:223.19,225.3 1 1
github.com/akramarenkov/safe/base.go:229.2,231.24 2 1
github.com/akramarenkov/safe/base.go:231.24,233.3 1 1
github.com/akramarenkov/safe/base.go:235.2,235.23 1 1
github.com/akramarenkov/safe/base.go:244.84,248.24 3 1
github.com/akramarenkov/safe/base.go:248.24,250.3 1 1
github.com/akramarenkov/safe/base.go:252.2,252.23 1 1
github.com/akramarenkov/safe/base.go:261.84,269.22 2 1
github.com/akramarenkov/safe/base.go:269.22,271.3 1 1
github.com/akramarenkov/safe/base.go:273.2,276.9 3 1
github.com/akramarenkov/safe/base.go:277.45,278.24 1 1
github.com/akramarenkov/safe/base.go:279.46,280.24 1 1
github.com/akramarenkov/safe/base.go:283.2,283.23 1 1
github.com/akramarenkov/safe/extended.go:24.83,26.22 1 1
github.com/akramarenkov/safe/extended.go:27.9,28.31 1 1
github.com/akramarenkov/safe/extended.go:29.9,30.25 1 1
github.com/akramarenkov/safe/extended.go:31.9,32.37 1 1
github.com/akramarenkov/safe/extended.go:35.2,38.18 3 1
github.com/akramarenkov/safe/extended.go:38.18,39.26 1 1
github.com/akramarenkov/safe/extended.go:39.26,41.4 1 1
github.com/akramarenkov/safe/extended.go:43.3,45.32 2 1
github.com/akramarenkov/safe/extended.go:48.2,48.22 1 1
github.com/akramarenkov/safe/extended.go:48.22,49.13 1 1
github.com/akramarenkov/safe/extended.go:49.13,51.4 1 1
github.com/akramarenkov/safe/extended.go:53.3,57.14 3 1
github.com/akramarenkov/safe/extended.go:60.2,60.24 1 1
github.com/akramarenkov/safe/extended.go:60.24,62.17 2 1
github.com/akramarenkov/safe/extended.go:62.17,65.34 2 1
github.com/akramarenkov/safe/extended.go:65.34,66.13 1 1
github.com/akramarenkov/safe/extended.go:69.4,69.17 1 1
github.com/akramarenkov/safe/extended.go:72.3,75.37 3 1
github.com/akramarenkov/safe/extended.go:78.2,78.49 1 1
github.com/akramarenkov/safe/extended.go:81.57,82.48 1 1
github.com/akramarenkov/safe/extended.go:82.48,83.84 1 1
github.com/akramarenkov/safe/extended.go:83.84,85.4 1 1
github.com/akramarenkov/safe/extended.go:94.78,96.16 2 1
github.com/akramarenkov/safe/extended.go:96.16,98.17 2 1
github.com/akramarenkov/safe/extended.go:98.17,100.4 1 1
github.com/akramarenkov/safe/extended.go:103.2,104.16 2 1
github.com/akramarenkov/safe/extended.go:104.16,106.17 2 1
github.com/akramarenkov/safe/extended.go:106.17,108.4 1 1
github.com/akramarenkov/safe/extended.go:111.2,112.16 2 1
github.com/akramarenkov/safe/extended.go:112.16,114.3 1 1
github.com/akramarenkov/safe/extended.go:116.2,116.23 1 1
github.com/akramarenkov/safe/extended.go:125.70,126.23 1 1
github.com/akramarenkov/safe/extended.go:126.23,128.3 1 1
github.com/akramarenkov/safe/extended.go:130.2,132.37 2 1
github.com/akramarenkov/safe/extended.go:132.37,134.17 2 1
github.com/akramarenkov/safe/extended.go:134.17,136.4 1 1
github.com/akramarenkov/safe/extended.go:138.3,138.16 1 1
github.com/akramarenkov/safe/extended.go:141.2,141.17 1 1
github.com/akramarenkov/safe/extended.go:148.89,150.16 2 1
github.com/akramarenkov/safe/extended.go:150.16,152.17 2 1
github.com/akramarenkov/safe/extended.go:152.17,154.4 1 1
github.com/akramarenkov/safe/extended.go:157.2,158.16 2 1
github.com/akramarenkov/safe/extended.go:158.16,160.17 2 1
github.com/akramarenkov/safe/extended.go:160.17,162.4 1 1
github.com/akramarenkov/safe/extended.go:165.2,166.16 2 1
github.com/akramarenkov/safe/extended.go:166.16,168.3 1 1
github.com/akramarenkov/safe/extended.go:170.2,170.23 1 1
github.com/akramarenkov/safe/extended.go:179.88,182.41 2 1
github.com/akramarenkov/safe/extended.go:182.41,184.17 2 1
github.com/akramarenkov/safe/extended.go:184.17,186.4 1 1
github.com/akramarenkov/safe/extended.go:188.3,188.17 1 1
github.com/akramarenkov/safe/extended.go:191.2,191.18 1 1
github.com/akramarenkov/safe/extended.go:199.68,200.23 1 1
github.com/akramarenkov/safe/extended.go:200.23,202.3 1 1
github.com/akramarenkov/safe/extended.go:204.2,206.33 2 1
github.com/akramarenkov/safe/extended.go:206.33,207.18 1 1
github.com/akramarenkov/safe/extended.go:207.18,209.4 1 1
github.com/akramarenkov/safe/extended.go:212.2,214.37 2 1
github.com/akramarenkov/safe/extended.go:214.37,216.17 2 1
github.com/akramarenkov/safe/extended.go:216.17,218.4 1 1
github.com/akramarenkov/safe/extended.go:220.3,220.20 1 1
github.com/akramarenkov/safe/extended.go:223.2,223.21 1 1
github.com/akramarenkov/safe/extended.go:226.64,227.29 1 1
github.com/akramarenkov/safe/extended.go:227.29,228.10 1 1
github.com/akramarenkov/safe/extended.go:229.23,230.13 1 1
github.com/akramarenkov/safe/extended.go:231.23,232.12 1 1
github.com/akramarenkov/safe/extended.go:235.3,235.11 1 1
github.com/akramarenkov/safe/extended.go:238.2,238.9 1 1
github.com/akramarenkov/safe/extended.go:239.22,240.12 1 1
github.com/akramarenkov/safe/extended.go:241.22,242.11 1 1
github.com/akramarenkov/safe/extended.go:245.2,245.10 1 1
github.com/akramarenkov/safe/extended.go:253.78,255.16 2 1
github.com/akramarenkov/safe/extended.go:255.16,257.17 2 1
github.com/akramarenkov/safe/extended.go:257.17,259.4 1 1
github.com/akramarenkov/safe/extended.go:262.2,263.16 2 1
github.com/akramarenkov/safe/extended.go:263.16,265.17 2 1
github.com/akramarenkov/safe/extended.go:265.17,267.4 1 1
github.com/akramarenkov/safe/extended.go:270.2,271.16 2 1
github.com/akramarenkov/safe/extended.go:271.16,273.3 1 1
github.com/akramarenkov/safe/extended.go:275.2,275.23 1 1
github.com/akramarenkov/safe/extended.go:284.70,285.23 1 1
github.com/akramarenkov/safe/extended.go:285.23,287.3 1 1
github.com/akramarenkov/safe/extended.go:289.2,292.33 3 1
github.com/akramarenkov/safe/extended.go:292.33,293.18 1 1
github.com/akramarenkov/safe/extended.go:293.18,295.4 1 1
github.com/akramarenkov/safe/extended.go:298.2,298.33 1 1
github.com/akramarenkov/safe/extended.go:298.33,300.17 2 1
github.com/akramarenkov/safe/extended.go:300.17,302.4 1 1
github.com/akramarenkov/safe/extended.go:304.3,304.20 1 1
github.com/akramarenkov/safe/extended.go:307.2,307.21 1 1
github.com/akramarenkov/safe/extended.go:318.84,323.35 3 1
github.com/akramarenkov/safe/extended.go:323.35,324.19 1 1
github.com/akramarenkov/safe/extended.go:324.19,326.4 1 1
github.com/akramarenkov/safe/extended.go:328.3,328.26 1 1
github.com/akramarenkov/safe/extended.go:328.26,330.12 2 1
github.com/akramarenkov/safe/extended.go:333.3,333.22 1 1
github.com/akramarenkov/safe/extended.go:337.2,337.23 1 1
github.com/akramarenkov/safe/extended.go:337.23,339.3 1 1
github.com/akramarenkov/safe/extended.go:341.2,341.21 1 1
github.com/akramarenkov/safe/extended.go:341.21,343.3 1 1
github.com/akramarenkov/safe/extended.go:345.2,345.23 1 1
github.com/akramarenkov/safe/extended.go:351.80,352.15 1 1
github.com/akramarenkov/safe/extended.go:352.15,354.3 1 1
github.com/akramarenkov/safe/extended.go:357.2,357.41 1 1
github.com/akramarenkov/safe/extended.go:357.41,359.3 1 1
github.com/akramarenkov/safe/extended.go:361.2,361.38 1 1
github.com/akramarenkov/safe/extended.go:369.89,370.16 1 1
github.com/akramarenkov/safe/extended.go:370.16,372.3 1 1
github.com/akramarenkov/safe/extended.go:374.2,374.15 1 1
github.com/akramarenkov/safe/extended.go:374.15,376.3 1 1
github.com/akramarenkov/safe/extended.go:378.2,378.15 1 1
github.com/akramarenkov/safe/extended.go:378.15,379.16 1 1
github.com/akramarenkov/safe/extended.go:379.16,381.4 1 1
github.com/akramarenkov/safe/extended.go:383.3,383.16 1 1
github.com/akramarenkov/safe/extended.go:386.2,386.15 1 1
github.com/akramarenkov/safe/extended.go:386.15,387.23 1 1
github.com/akramarenkov/safe/extended.go:387.23,388.21 1 1
github.com/akramarenkov/safe/extended.go:388.21,390.5 1 1
github.com/akramarenkov/safe/extended.go:392.4,392.20 1 1
github.com/akramarenkov/safe/extended.go:395.3,395.16 1 1
github.com/akramarenkov/safe/extended.go:398.2,400.49 2 1
github.com/akramarenkov/safe/extended.go:400.49,403.17 2 1
github.com/akramarenkov/safe/extended.go:403.17,405.4 1 1
github.com/akramarenkov/safe/extended.go:407.3,407.20 1 1
github.com/akramarenkov/safe/extended.go:410.2,410.21 1 1
github.com/akramarenkov/safe/inner.go:8.56,9.16 1 1
github.com/akramarenkov/safe/inner.go:9.16,11.3 1 1
github.com/akramarenkov/safe/inner.go:13.2,15.19 2 1
github.com/akramarenkov/safe/inner.go:19.56,20.17 1 1
github.com/akramarenkov/safe/inner.go:20.17,22.3 1 1
github.com/akramarenkov/safe/inner.go:24.2,26.20 2 1
github.com/akramarenkov/safe/inner.go:30.61,31.17 1 1
github.com/akramarenkov/safe/inner.go:31.17,33.3 1 1
github.com/akramarenkov/safe/inner.go:35.2,37.20 2 1
github.com/akramarenkov/safe/inner.go:41.57,43.2 1 1
github.com/akramarenkov/safe/inner.go:47.48,53.2 3 1
